0785db58 W
000652d8 R
0005df58 W
000652e0 R
0785db50 W
000652e0 R
31308800 R
00062368 R
dHsrYOcn r
SJLTBusa w
Eti1UrW2 r
PR7A9yVM w
CSJsge7G r
UIANXcq1 w
NqKXbHKt r
VJUquA0V r
nszmi7Vo r
AcQDNINh w
UDFIxZgQ w
VEv51fOI w
SjFSv1Ie r
bKFYPdsq w
UTSwl2yI r
g7d0EsiZ w
7V8pr9K0 r
equhCb9o w
0FJzzzfh r
oKKUjpID w
JzDgdyAx r
lcyfyI21 w
mHydojxf r
y8VTkZ9s r
uzLA1Iv3 r
4pY76Wo4 r
roX04QFI r
4JzRDoFq w
eF3dZE8K w
ET1BCZCN w
8yWba31N w
0EBaTGM2 w
rDtdHZcB w
idn9GbZW w
uKHWwJph r
2zhYgk7i w
L4SUYKY4 r
rfYSgSxJ w
KuPpUyyU w
manIlLcQ w
mqaF2xdJ r
A5DqoQ7L w
lxURb1FR w
lmWWb4Vs r
5JoDSDUD w
tnzJoYN1 r
JhTB1UYK w
swngW9SK w
Pq3SZkvT r
KCZigFGv w
JtunkG5j r
LanKSke0 w
gPhYbDSp r
qlT38OUx w
wC5w7vtu w
gPjh57sn w
OEnM4beQ w
YD11iRWa r
r1sWYNRD r
Uu3sVANY r
Qu9TTrDO r
k1qDmZNL w
iev1o3oL r
SjpWU6ut w
eccfqhwc r
oWgdZtVj w
W0A4CYSU r
bryLtK1s w
0gUk0DdB r
9HnBfvDT w
ymXF5Oow w
fieQvqoB w
eIOty4Wh r
HhE7kXvA r
mSnHzK6u r
eBGHM7XR r
VxP8pode w
LbEAMz3H w
jCZwXK6J r
H8cxGI62 w
vl7mEPXZ R
svPLqgu9 R
oWR5ZbFp R
aYZghDn9 W
z0BlYDBs W
dlvrwR8l R
qaCMyrlP w
CUby9ubb R
Okz1HMpN w
PROjxlf0 R
ShxRWsan w
s0hRMqxc R
PAHfOm8g W
RBZ8xjEX r
cLeiVemR w
Z0V8EJu0 w
e3641bM9 R
wrz29rms w
OhVXdep1 R
OqO9K1Gc w
0785db58 W
000652d8 R
0005df58 W
000652e0 R
0785db50 W
000652e0 R
31308800 R
00062368 R
dHsrYOcn r
SJLTBusa w
Eti1UrW2 r
PR7A9yVM w
CSJsge7G r
UIANXcq1 w
NqKXbHKt r
VJUquA0V r
nszmi7Vo r
AcQDNINh w
UDFIxZgQ w
VEv51fOI w
SjFSv1Ie r
bKFYPdsq w
UTSwl2yI r
g7d0EsiZ w
7V8pr9K0 r
equhCb9o w
0FJzzzfh r
oKKUjpID w
JzDgdyAx r
lcyfyI21 w
mHydojxf r
y8VTkZ9s r
uzLA1Iv3 r
4pY76Wo4 r
roX04QFI r
4JzRDoFq w
eF3dZE8K w
ET1BCZCN w
8yWba31N w
0EBaTGM2 w
rDtdHZcB w
idn9GbZW w
uKHWwJph r
2zhYgk7i w
L4SUYKY4 r
rfYSgSxJ w
KuPpUyyU w
manIlLcQ w
mqaF2xdJ r
A5DqoQ7L w
lxURb1FR w
lmWWb4Vs r
5JoDSDUD w
tnzJoYN1 r
JhTB1UYK w
swngW9SK w
Pq3SZkvT r
KCZigFGv w
JtunkG5j r
LanKSke0 w
gPhYbDSp r
qlT38OUx w
wC5w7vtu w
gPjh57sn w
OEnM4beQ w
YD11iRWa r
r1sWYNRD r
Uu3sVANY r
Qu9TTrDO r
k1qDmZNL w
iev1o3oL r
SjpWU6ut w
eccfqhwc r
oWgdZtVj w
W0A4CYSU r
bryLtK1s w
0gUk0DdB r
9HnBfvDT w
ymXF5Oow w
fieQvqoB w
eIOty4Wh r
HhE7kXvA r
mSnHzK6u r
eBGHM7XR r
VxP8pode w
LbEAMz3H w
jCZwXK6J r
H8cxGI62 w
vl7mEPXZ R
svPLqgu9 R
oWR5ZbFp R
aYZghDn9 W
z0BlYDBs W
dlvrwR8l R
qaCMyrlP w
CUby9ubb R
Okz1HMpN w
PROjxlf0 R
ShxRWsan w
s0hRMqxc R
PAHfOm8g W
RBZ8xjEX r
cLeiVemR w
Z0V8EJu0 w
e3641bM9 R
wrz29rms w
OhVXdep1 R
OqO9K1Gc w
